PhantomJS is launching GhostDriver...
[INFO  - 2018-04-22T08:55:47.908Z] GhostDriver - Main - running on port 54139
[INFO  - 2018-04-22T08:55:50.170Z] Session [f49123d0-460a-11e8-88b8-bbd03c28f797] - page.settings - {"XSSAuditingEnabled":false,"javascriptCanCloseWindows":true,"javascriptCanOpenWindows":true,"javascriptEnabled":true,"loadImages":true,"localToRemoteUrlAccessEnabled":false,"userAgent":"Mozilla/5.0 (Windows NT 6.2; WOW64) AppleWebKit/534.34 (KHTML, like Gecko) PhantomJS/1.9.8 Safari/534.34","webSecurityEnabled":true}
[INFO  - 2018-04-22T08:55:50.170Z] Session [f49123d0-460a-11e8-88b8-bbd03c28f797] - page.customHeaders:  - {}
[INFO  - 2018-04-22T08:55:50.170Z] Session [f49123d0-460a-11e8-88b8-bbd03c28f797] - Session.negotiatedCapabilities - {"browserName":"phantomjs","version":"1.9.8","driverName":"ghostdriver","driverVersion":"1.1.0","platform":"windows-8-32bit","javascriptEnabled":true,"takesScreenshot":true,"handlesAlerts":false,"databaseEnabled":false,"locationContextEnabled":false,"applicationCacheEnabled":false,"browserConnectionEnabled":false,"cssSelectorsEnabled":true,"webStorageEnabled":false,"rotatable":false,"acceptSslCerts":false,"nativeEvents":true,"proxy":{"proxyType":"direct"}}
[INFO  - 2018-04-22T08:55:50.170Z] SessionManagerReqHand - _postNewSessionCommand - New Session Created: f49123d0-460a-11e8-88b8-bbd03c28f797
[ERROR - 2018-04-22T08:56:03.399Z] Session [f49123d0-460a-11e8-88b8-bbd03c28f797] - page.onError - msg: SyntaxError: Parse error
[ERROR - 2018-04-22T08:56:03.399Z] Session [f49123d0-460a-11e8-88b8-bbd03c28f797] - page.onError - stack:

[ERROR - 2018-04-22T08:57:30.795Z] Session [f49123d0-460a-11e8-88b8-bbd03c28f797] - page.onError - msg: TypeError: 'undefined' is not an object (evaluating 'MBOX[a].data')
[ERROR - 2018-04-22T08:57:30.795Z] Session [f49123d0-460a-11e8-88b8-bbd03c28f797] - page.onError - stack:
  (anonymous function) (https://acc.alicdn.com/tfscom/TB1DKQvX2DH8KJjy1XcXXcpdXXa.js:5)
  (anonymous function) (https://acc.alicdn.com/tfscom/TB1DKQvX2DH8KJjy1XcXXcpdXXa.js:10)
  (anonymous function) (https://acc.alicdn.com/tfscom/TB19mfKX2DH8KJjy1XcXXcpdXXa.js:1)
  (anonymous function) (https://acc.alicdn.com/tfscom/TB19mfKX2DH8KJjy1XcXXcpdXXa.js:1)
  (anonymous function) (https://acc.alicdn.com/tfscom/TB1DKQvX2DH8KJjy1XcXXcpdXXa.js:10)
  (anonymous function) (https://acc.alicdn.com/tfscom/TB1DKQvX2DH8KJjy1XcXXcpdXXa.js:13)
  s (https://acc.alicdn.com/tfscom/TB1DKQvX2DH8KJjy1XcXXcpdXXa.js:15)
  (anonymous function) (https://acc.alicdn.com/tfscom/TB1DKQvX2DH8KJjy1XcXXcpdXXa.js:15)
  (anonymous function) (https://acc.alicdn.com/tfscom/TB19mfKX2DH8KJjy1XcXXcpdXXa.js:1)
  (anonymous function) (https://acc.alicdn.com/tfscom/TB19mfKX2DH8KJjy1XcXXcpdXXa.js:1)
  i (https://acc.alicdn.com/tfscom/TB1DKQvX2DH8KJjy1XcXXcpdXXa.js:15)
  (anonymous function) (https://acc.alicdn.com/tfscom/TB1DKQvX2DH8KJjy1XcXXcpdXXa.js:15)
  (anonymous function) (https://acc.alicdn.com/tfscom/TB19mfKX2DH8KJjy1XcXXcpdXXa.js:1)
  (anonymous function) (https://acc.alicdn.com/tfscom/TB19mfKX2DH8KJjy1XcXXcpdXXa.js:1)
  (anonymous function) (https://acc.alicdn.com/tfscom/TB1DKQvX2DH8KJjy1XcXXcpdXXa.js:15)
[ERROR - 2018-04-22T08:57:46.407Z] Session [f49123d0-460a-11e8-88b8-bbd03c28f797] - page.onError - msg: TypeError: 'undefined' is not an object (evaluating 'MBOX[a].data')
[ERROR - 2018-04-22T08:57:46.407Z] Session [f49123d0-460a-11e8-88b8-bbd03c28f797] - page.onError - stack:
  (anonymous function) (https://acc.alicdn.com/tfscom/TB1DKQvX2DH8KJjy1XcXXcpdXXa.js:5)
  (anonymous function) (https://acc.alicdn.com/tfscom/TB1DKQvX2DH8KJjy1XcXXcpdXXa.js:10)
  (anonymous function) (https://acc.alicdn.com/tfscom/TB19mfKX2DH8KJjy1XcXXcpdXXa.js:1)
  (anonymous function) (https://acc.alicdn.com/tfscom/TB19mfKX2DH8KJjy1XcXXcpdXXa.js:1)
  (anonymous function) (https://acc.alicdn.com/tfscom/TB1DKQvX2DH8KJjy1XcXXcpdXXa.js:10)
  (anonymous function) (https://acc.alicdn.com/tfscom/TB1DKQvX2DH8KJjy1XcXXcpdXXa.js:13)
  s (https://acc.alicdn.com/tfscom/TB1DKQvX2DH8KJjy1XcXXcpdXXa.js:15)
  (anonymous function) (https://acc.alicdn.com/tfscom/TB1DKQvX2DH8KJjy1XcXXcpdXXa.js:15)
  (anonymous function) (https://acc.alicdn.com/tfscom/TB19mfKX2DH8KJjy1XcXXcpdXXa.js:1)
  (anonymous function) (https://acc.alicdn.com/tfscom/TB19mfKX2DH8KJjy1XcXXcpdXXa.js:1)
  i (https://acc.alicdn.com/tfscom/TB1DKQvX2DH8KJjy1XcXXcpdXXa.js:15)
  (anonymous function) (https://acc.alicdn.com/tfscom/TB1DKQvX2DH8KJjy1XcXXcpdXXa.js:15)
  (anonymous function) (https://acc.alicdn.com/tfscom/TB19mfKX2DH8KJjy1XcXXcpdXXa.js:1)
  (anonymous function) (https://acc.alicdn.com/tfscom/TB19mfKX2DH8KJjy1XcXXcpdXXa.js:1)
  (anonymous function) (https://acc.alicdn.com/tfscom/TB1DKQvX2DH8KJjy1XcXXcpdXXa.js:15)
[INFO  - 2018-04-22T09:00:50.026Z] SessionManagerReqHand - _cleanupWindowlessSessions - Asynchronous Sessions clean-up phase starting NOW
[ERROR - 2018-04-22T09:01:33.939Z] Session [f49123d0-460a-11e8-88b8-bbd03c28f797] - page.onError - msg: TypeError: 'undefined' is not an object (evaluating 'MBOX[a].data')
[ERROR - 2018-04-22T09:01:33.940Z] Session [f49123d0-460a-11e8-88b8-bbd03c28f797] - page.onError - stack:
  (anonymous function) (https://acc.alicdn.com/tfscom/TB1DKQvX2DH8KJjy1XcXXcpdXXa.js:5)
  (anonymous function) (https://acc.alicdn.com/tfscom/TB1DKQvX2DH8KJjy1XcXXcpdXXa.js:10)
  (anonymous function) (https://acc.alicdn.com/tfscom/TB19mfKX2DH8KJjy1XcXXcpdXXa.js:1)
  (anonymous function) (https://acc.alicdn.com/tfscom/TB19mfKX2DH8KJjy1XcXXcpdXXa.js:1)
  (anonymous function) (https://acc.alicdn.com/tfscom/TB1DKQvX2DH8KJjy1XcXXcpdXXa.js:10)
  (anonymous function) (https://acc.alicdn.com/tfscom/TB1DKQvX2DH8KJjy1XcXXcpdXXa.js:13)
  s (https://acc.alicdn.com/tfscom/TB1DKQvX2DH8KJjy1XcXXcpdXXa.js:15)
  (anonymous function) (https://acc.alicdn.com/tfscom/TB1DKQvX2DH8KJjy1XcXXcpdXXa.js:15)
  (anonymous function) (https://acc.alicdn.com/tfscom/TB19mfKX2DH8KJjy1XcXXcpdXXa.js:1)
  (anonymous function) (https://acc.alicdn.com/tfscom/TB19mfKX2DH8KJjy1XcXXcpdXXa.js:1)
  i (https://acc.alicdn.com/tfscom/TB1DKQvX2DH8KJjy1XcXXcpdXXa.js:15)
  (anonymous function) (https://acc.alicdn.com/tfscom/TB1DKQvX2DH8KJjy1XcXXcpdXXa.js:15)
  (anonymous function) (https://acc.alicdn.com/tfscom/TB19mfKX2DH8KJjy1XcXXcpdXXa.js:1)
  (anonymous function) (https://acc.alicdn.com/tfscom/TB19mfKX2DH8KJjy1XcXXcpdXXa.js:1)
  (anonymous function) (https://acc.alicdn.com/tfscom/TB1DKQvX2DH8KJjy1XcXXcpdXXa.js:15)
[ERROR - 2018-04-22T09:03:35.892Z] Session [f49123d0-460a-11e8-88b8-bbd03c28f797] - page.onError - msg: TypeError: 'undefined' is not an object (evaluating 'MBOX[a].data')
[ERROR - 2018-04-22T09:03:35.892Z] Session [f49123d0-460a-11e8-88b8-bbd03c28f797] - page.onError - stack:
  (anonymous function) (https://acc.alicdn.com/tfscom/TB1DKQvX2DH8KJjy1XcXXcpdXXa.js:5)
  (anonymous function) (https://acc.alicdn.com/tfscom/TB1DKQvX2DH8KJjy1XcXXcpdXXa.js:10)
  (anonymous function) (https://acc.alicdn.com/tfscom/TB19mfKX2DH8KJjy1XcXXcpdXXa.js:1)
  (anonymous function) (https://acc.alicdn.com/tfscom/TB19mfKX2DH8KJjy1XcXXcpdXXa.js:1)
  (anonymous function) (https://acc.alicdn.com/tfscom/TB1DKQvX2DH8KJjy1XcXXcpdXXa.js:10)
  (anonymous function) (https://acc.alicdn.com/tfscom/TB1DKQvX2DH8KJjy1XcXXcpdXXa.js:13)
  s (https://acc.alicdn.com/tfscom/TB1DKQvX2DH8KJjy1XcXXcpdXXa.js:15)
  (anonymous function) (https://acc.alicdn.com/tfscom/TB1DKQvX2DH8KJjy1XcXXcpdXXa.js:15)
  (anonymous function) (https://acc.alicdn.com/tfscom/TB19mfKX2DH8KJjy1XcXXcpdXXa.js:1)
  (anonymous function) (https://acc.alicdn.com/tfscom/TB19mfKX2DH8KJjy1XcXXcpdXXa.js:1)
  i (https://acc.alicdn.com/tfscom/TB1DKQvX2DH8KJjy1XcXXcpdXXa.js:15)
  (anonymous function) (https://acc.alicdn.com/tfscom/TB1DKQvX2DH8KJjy1XcXXcpdXXa.js:15)
  (anonymous function) (https://acc.alicdn.com/tfscom/TB19mfKX2DH8KJjy1XcXXcpdXXa.js:1)
  (anonymous function) (https://acc.alicdn.com/tfscom/TB19mfKX2DH8KJjy1XcXXcpdXXa.js:1)
  (anonymous function) (https://acc.alicdn.com/tfscom/TB1DKQvX2DH8KJjy1XcXXcpdXXa.js:15)
[ERROR - 2018-04-22T09:03:50.359Z] Session [f49123d0-460a-11e8-88b8-bbd03c28f797] - page.onError - msg: TypeError: 'undefined' is not an object (evaluating 'MBOX[a].data')
[ERROR - 2018-04-22T09:03:50.360Z] Session [f49123d0-460a-11e8-88b8-bbd03c28f797] - page.onError - stack:
  (anonymous function) (https://acc.alicdn.com/tfscom/TB1DKQvX2DH8KJjy1XcXXcpdXXa.js:5)
  (anonymous function) (https://acc.alicdn.com/tfscom/TB1DKQvX2DH8KJjy1XcXXcpdXXa.js:10)
  (anonymous function) (https://acc.alicdn.com/tfscom/TB19mfKX2DH8KJjy1XcXXcpdXXa.js:1)
  (anonymous function) (https://acc.alicdn.com/tfscom/TB19mfKX2DH8KJjy1XcXXcpdXXa.js:1)
  (anonymous function) (https://acc.alicdn.com/tfscom/TB1DKQvX2DH8KJjy1XcXXcpdXXa.js:10)
  (anonymous function) (https://acc.alicdn.com/tfscom/TB1DKQvX2DH8KJjy1XcXXcpdXXa.js:13)
  s (https://acc.alicdn.com/tfscom/TB1DKQvX2DH8KJjy1XcXXcpdXXa.js:15)
  (anonymous function) (https://acc.alicdn.com/tfscom/TB1DKQvX2DH8KJjy1XcXXcpdXXa.js:15)
  (anonymous function) (https://acc.alicdn.com/tfscom/TB19mfKX2DH8KJjy1XcXXcpdXXa.js:1)
  (anonymous function) (https://acc.alicdn.com/tfscom/TB19mfKX2DH8KJjy1XcXXcpdXXa.js:1)
  i (https://acc.alicdn.com/tfscom/TB1DKQvX2DH8KJjy1XcXXcpdXXa.js:15)
  (anonymous function) (https://acc.alicdn.com/tfscom/TB1DKQvX2DH8KJjy1XcXXcpdXXa.js:15)
  (anonymous function) (https://acc.alicdn.com/tfscom/TB19mfKX2DH8KJjy1XcXXcpdXXa.js:1)
  (anonymous function) (https://acc.alicdn.com/tfscom/TB19mfKX2DH8KJjy1XcXXcpdXXa.js:1)
  (anonymous function) (https://acc.alicdn.com/tfscom/TB1DKQvX2DH8KJjy1XcXXcpdXXa.js:15)
[ERROR - 2018-04-22T09:05:26.261Z] Session [f49123d0-460a-11e8-88b8-bbd03c28f797] - page.onError - msg: TypeError: 'undefined' is not an object (evaluating 'MBOX[a].data')
[ERROR - 2018-04-22T09:05:26.261Z] Session [f49123d0-460a-11e8-88b8-bbd03c28f797] - page.onError - stack:
  (anonymous function) (https://acc.alicdn.com/tfscom/TB1DKQvX2DH8KJjy1XcXXcpdXXa.js:5)
  (anonymous function) (https://acc.alicdn.com/tfscom/TB1DKQvX2DH8KJjy1XcXXcpdXXa.js:10)
  (anonymous function) (https://acc.alicdn.com/tfscom/TB19mfKX2DH8KJjy1XcXXcpdXXa.js:1)
  (anonymous function) (https://acc.alicdn.com/tfscom/TB19mfKX2DH8KJjy1XcXXcpdXXa.js:1)
  (anonymous function) (https://acc.alicdn.com/tfscom/TB1DKQvX2DH8KJjy1XcXXcpdXXa.js:10)
  (anonymous function) (https://acc.alicdn.com/tfscom/TB1DKQvX2DH8KJjy1XcXXcpdXXa.js:13)
  s (https://acc.alicdn.com/tfscom/TB1DKQvX2DH8KJjy1XcXXcpdXXa.js:15)
  (anonymous function) (https://acc.alicdn.com/tfscom/TB1DKQvX2DH8KJjy1XcXXcpdXXa.js:15)
  (anonymous function) (https://acc.alicdn.com/tfscom/TB19mfKX2DH8KJjy1XcXXcpdXXa.js:1)
  (anonymous function) (https://acc.alicdn.com/tfscom/TB19mfKX2DH8KJjy1XcXXcpdXXa.js:1)
  i (https://acc.alicdn.com/tfscom/TB1DKQvX2DH8KJjy1XcXXcpdXXa.js:15)
  (anonymous function) (https://acc.alicdn.com/tfscom/TB1DKQvX2DH8KJjy1XcXXcpdXXa.js:15)
  (anonymous function) (https://acc.alicdn.com/tfscom/TB19mfKX2DH8KJjy1XcXXcpdXXa.js:1)
  (anonymous function) (https://acc.alicdn.com/tfscom/TB19mfKX2DH8KJjy1XcXXcpdXXa.js:1)
  (anonymous function) (https://acc.alicdn.com/tfscom/TB1DKQvX2DH8KJjy1XcXXcpdXXa.js:15)
[ERROR - 2018-04-22T09:05:41.442Z] Session [f49123d0-460a-11e8-88b8-bbd03c28f797] - page.onError - msg: TypeError: 'undefined' is not an object (evaluating 'MBOX[a].data')
[ERROR - 2018-04-22T09:05:41.442Z] Session [f49123d0-460a-11e8-88b8-bbd03c28f797] - page.onError - stack:
  (anonymous function) (https://acc.alicdn.com/tfscom/TB1DKQvX2DH8KJjy1XcXXcpdXXa.js:5)
  (anonymous function) (https://acc.alicdn.com/tfscom/TB1DKQvX2DH8KJjy1XcXXcpdXXa.js:10)
  (anonymous function) (https://acc.alicdn.com/tfscom/TB19mfKX2DH8KJjy1XcXXcpdXXa.js:1)
  (anonymous function) (https://acc.alicdn.com/tfscom/TB19mfKX2DH8KJjy1XcXXcpdXXa.js:1)
  (anonymous function) (https://acc.alicdn.com/tfscom/TB1DKQvX2DH8KJjy1XcXXcpdXXa.js:10)
  (anonymous function) (https://acc.alicdn.com/tfscom/TB1DKQvX2DH8KJjy1XcXXcpdXXa.js:13)
  s (https://acc.alicdn.com/tfscom/TB1DKQvX2DH8KJjy1XcXXcpdXXa.js:15)
  (anonymous function) (https://acc.alicdn.com/tfscom/TB1DKQvX2DH8KJjy1XcXXcpdXXa.js:15)
  (anonymous function) (https://acc.alicdn.com/tfscom/TB19mfKX2DH8KJjy1XcXXcpdXXa.js:1)
  (anonymous function) (https://acc.alicdn.com/tfscom/TB19mfKX2DH8KJjy1XcXXcpdXXa.js:1)
  i (https://acc.alicdn.com/tfscom/TB1DKQvX2DH8KJjy1XcXXcpdXXa.js:15)
  (anonymous function) (https://acc.alicdn.com/tfscom/TB1DKQvX2DH8KJjy1XcXXcpdXXa.js:15)
  (anonymous function) (https://acc.alicdn.com/tfscom/TB19mfKX2DH8KJjy1XcXXcpdXXa.js:1)
  (anonymous function) (https://acc.alicdn.com/tfscom/TB19mfKX2DH8KJjy1XcXXcpdXXa.js:1)
  (anonymous function) (https://acc.alicdn.com/tfscom/TB1DKQvX2DH8KJjy1XcXXcpdXXa.js:15)
[INFO  - 2018-04-22T09:05:50.119Z] SessionManagerReqHand - _cleanupWindowlessSessions - Asynchronous Sessions clean-up phase starting NOW
[ERROR - 2018-04-22T09:05:57.019Z] Session [f49123d0-460a-11e8-88b8-bbd03c28f797] - page.onError - msg: TypeError: 'undefined' is not an object (evaluating 'MBOX[a].data')
[ERROR - 2018-04-22T09:05:57.019Z] Session [f49123d0-460a-11e8-88b8-bbd03c28f797] - page.onError - stack:
  (anonymous function) (https://acc.alicdn.com/tfscom/TB1DKQvX2DH8KJjy1XcXXcpdXXa.js:5)
  (anonymous function) (https://acc.alicdn.com/tfscom/TB1DKQvX2DH8KJjy1XcXXcpdXXa.js:10)
  (anonymous function) (https://acc.alicdn.com/tfscom/TB19mfKX2DH8KJjy1XcXXcpdXXa.js:1)
  (anonymous function) (https://acc.alicdn.com/tfscom/TB19mfKX2DH8KJjy1XcXXcpdXXa.js:1)
  (anonymous function) (https://acc.alicdn.com/tfscom/TB1DKQvX2DH8KJjy1XcXXcpdXXa.js:10)
  (anonymous function) (https://acc.alicdn.com/tfscom/TB1DKQvX2DH8KJjy1XcXXcpdXXa.js:13)
  s (https://acc.alicdn.com/tfscom/TB1DKQvX2DH8KJjy1XcXXcpdXXa.js:15)
  (anonymous function) (https://acc.alicdn.com/tfscom/TB1DKQvX2DH8KJjy1XcXXcpdXXa.js:15)
  (anonymous function) (https://acc.alicdn.com/tfscom/TB19mfKX2DH8KJjy1XcXXcpdXXa.js:1)
  (anonymous function) (https://acc.alicdn.com/tfscom/TB19mfKX2DH8KJjy1XcXXcpdXXa.js:1)
  i (https://acc.alicdn.com/tfscom/TB1DKQvX2DH8KJjy1XcXXcpdXXa.js:15)
  (anonymous function) (https://acc.alicdn.com/tfscom/TB1DKQvX2DH8KJjy1XcXXcpdXXa.js:15)
  (anonymous function) (https://acc.alicdn.com/tfscom/TB19mfKX2DH8KJjy1XcXXcpdXXa.js:1)
  (anonymous function) (https://acc.alicdn.com/tfscom/TB19mfKX2DH8KJjy1XcXXcpdXXa.js:1)
  (anonymous function) (https://acc.alicdn.com/tfscom/TB1DKQvX2DH8KJjy1XcXXcpdXXa.js:15)
[ERROR - 2018-04-22T09:06:52.146Z] Session [f49123d0-460a-11e8-88b8-bbd03c28f797] - page.onError - msg: TypeError: 'undefined' is not an object (evaluating 'MBOX[a].data')
[ERROR - 2018-04-22T09:06:52.147Z] Session [f49123d0-460a-11e8-88b8-bbd03c28f797] - page.onError - stack:
  (anonymous function) (https://acc.alicdn.com/tfscom/TB1DKQvX2DH8KJjy1XcXXcpdXXa.js:5)
  (anonymous function) (https://acc.alicdn.com/tfscom/TB1DKQvX2DH8KJjy1XcXXcpdXXa.js:10)
  (anonymous function) (https://acc.alicdn.com/tfscom/TB19mfKX2DH8KJjy1XcXXcpdXXa.js:1)
  (anonymous function) (https://acc.alicdn.com/tfscom/TB19mfKX2DH8KJjy1XcXXcpdXXa.js:1)
  (anonymous function) (https://acc.alicdn.com/tfscom/TB1DKQvX2DH8KJjy1XcXXcpdXXa.js:10)
  (anonymous function) (https://acc.alicdn.com/tfscom/TB1DKQvX2DH8KJjy1XcXXcpdXXa.js:13)
  s (https://acc.alicdn.com/tfscom/TB1DKQvX2DH8KJjy1XcXXcpdXXa.js:15)
  (anonymous function) (https://acc.alicdn.com/tfscom/TB1DKQvX2DH8KJjy1XcXXcpdXXa.js:15)
  (anonymous function) (https://acc.alicdn.com/tfscom/TB19mfKX2DH8KJjy1XcXXcpdXXa.js:1)
  (anonymous function) (https://acc.alicdn.com/tfscom/TB19mfKX2DH8KJjy1XcXXcpdXXa.js:1)
  i (https://acc.alicdn.com/tfscom/TB1DKQvX2DH8KJjy1XcXXcpdXXa.js:15)
  (anonymous function) (https://acc.alicdn.com/tfscom/TB1DKQvX2DH8KJjy1XcXXcpdXXa.js:15)
  (anonymous function) (https://acc.alicdn.com/tfscom/TB19mfKX2DH8KJjy1XcXXcpdXXa.js:1)
  (anonymous function) (https://acc.alicdn.com/tfscom/TB19mfKX2DH8KJjy1XcXXcpdXXa.js:1)
  (anonymous function) (https://acc.alicdn.com/tfscom/TB1DKQvX2DH8KJjy1XcXXcpdXXa.js:15)
[ERROR - 2018-04-22T09:07:06.712Z] Session [f49123d0-460a-11e8-88b8-bbd03c28f797] - page.onError - msg: TypeError: 'undefined' is not an object (evaluating 'MBOX[a].data')
[ERROR - 2018-04-22T09:07:06.713Z] Session [f49123d0-460a-11e8-88b8-bbd03c28f797] - page.onError - stack:
  (anonymous function) (https://acc.alicdn.com/tfscom/TB19mfKX2DH8KJjy1XcXXcpdXXa.js:4)
  (anonymous function) (https://acc.alicdn.com/tfscom/TB19mfKX2DH8KJjy1XcXXcpdXXa.js:9)
  (anonymous function) (https://acc.alicdn.com/tfscom/TB19mfKX2DH8KJjy1XcXXcpdXXa.js:1)
  (anonymous function) (https://acc.alicdn.com/tfscom/TB19mfKX2DH8KJjy1XcXXcpdXXa.js:1)
  (anonymous function) (https://acc.alicdn.com/tfscom/TB19mfKX2DH8KJjy1XcXXcpdXXa.js:9)
  (anonymous function) (https://acc.alicdn.com/tfscom/TB1DKQvX2DH8KJjy1XcXXcpdXXa.js:13)
  s (https://acc.alicdn.com/tfscom/TB1DKQvX2DH8KJjy1XcXXcpdXXa.js:15)
  (anonymous function) (https://acc.alicdn.com/tfscom/TB1DKQvX2DH8KJjy1XcXXcpdXXa.js:15)
  (anonymous function) (https://acc.alicdn.com/tfscom/TB19mfKX2DH8KJjy1XcXXcpdXXa.js:1)
  (anonymous function) (https://acc.alicdn.com/tfscom/TB19mfKX2DH8KJjy1XcXXcpdXXa.js:1)
  i (https://acc.alicdn.com/tfscom/TB1DKQvX2DH8KJjy1XcXXcpdXXa.js:15)
  (anonymous function) (https://acc.alicdn.com/tfscom/TB1DKQvX2DH8KJjy1XcXXcpdXXa.js:15)
  (anonymous function) (https://acc.alicdn.com/tfscom/TB19mfKX2DH8KJjy1XcXXcpdXXa.js:1)
  (anonymous function) (https://acc.alicdn.com/tfscom/TB19mfKX2DH8KJjy1XcXXcpdXXa.js:1)
  (anonymous function) (https://acc.alicdn.com/tfscom/TB1DKQvX2DH8KJjy1XcXXcpdXXa.js:15)
[ERROR - 2018-04-22T09:07:22.906Z] Session [f49123d0-460a-11e8-88b8-bbd03c28f797] - page.onError - msg: TypeError: 'undefined' is not an object (evaluating 'MBOX[a].data')
[ERROR - 2018-04-22T09:07:22.907Z] Session [f49123d0-460a-11e8-88b8-bbd03c28f797] - page.onError - stack:
  (anonymous function) (https://acc.alicdn.com/tfscom/TB19mfKX2DH8KJjy1XcXXcpdXXa.js:4)
  (anonymous function) (https://acc.alicdn.com/tfscom/TB19mfKX2DH8KJjy1XcXXcpdXXa.js:9)
  (anonymous function) (https://acc.alicdn.com/tfscom/TB19mfKX2DH8KJjy1XcXXcpdXXa.js:1)
  (anonymous function) (https://acc.alicdn.com/tfscom/TB19mfKX2DH8KJjy1XcXXcpdXXa.js:1)
  (anonymous function) (https://acc.alicdn.com/tfscom/TB19mfKX2DH8KJjy1XcXXcpdXXa.js:9)
  (anonymous function) (https://acc.alicdn.com/tfscom/TB1DKQvX2DH8KJjy1XcXXcpdXXa.js:13)
  s (https://acc.alicdn.com/tfscom/TB1DKQvX2DH8KJjy1XcXXcpdXXa.js:15)
  (anonymous function) (https://acc.alicdn.com/tfscom/TB1DKQvX2DH8KJjy1XcXXcpdXXa.js:15)
  (anonymous function) (https://acc.alicdn.com/tfscom/TB19mfKX2DH8KJjy1XcXXcpdXXa.js:1)
  (anonymous function) (https://acc.alicdn.com/tfscom/TB19mfKX2DH8KJjy1XcXXcpdXXa.js:1)
  i (https://acc.alicdn.com/tfscom/TB1DKQvX2DH8KJjy1XcXXcpdXXa.js:15)
  (anonymous function) (https://acc.alicdn.com/tfscom/TB1DKQvX2DH8KJjy1XcXXcpdXXa.js:15)
  (anonymous function) (https://acc.alicdn.com/tfscom/TB19mfKX2DH8KJjy1XcXXcpdXXa.js:1)
  (anonymous function) (https://acc.alicdn.com/tfscom/TB19mfKX2DH8KJjy1XcXXcpdXXa.js:1)
  (anonymous function) (https://acc.alicdn.com/tfscom/TB1DKQvX2DH8KJjy1XcXXcpdXXa.js:15)
[ERROR - 2018-04-22T09:08:16.570Z] Session [f49123d0-460a-11e8-88b8-bbd03c28f797] - page.onError - msg: TypeError: 'undefined' is not an object (evaluating 'MBOX[a].data')
[ERROR - 2018-04-22T09:08:16.570Z] Session [f49123d0-460a-11e8-88b8-bbd03c28f797] - page.onError - stack:
  (anonymous function) (https://acc.alicdn.com/tfscom/TB1DKQvX2DH8KJjy1XcXXcpdXXa.js:5)
  (anonymous function) (https://acc.alicdn.com/tfscom/TB1DKQvX2DH8KJjy1XcXXcpdXXa.js:10)
  (anonymous function) (https://acc.alicdn.com/tfscom/TB19mfKX2DH8KJjy1XcXXcpdXXa.js:1)
  (anonymous function) (https://acc.alicdn.com/tfscom/TB19mfKX2DH8KJjy1XcXXcpdXXa.js:1)
  (anonymous function) (https://acc.alicdn.com/tfscom/TB1DKQvX2DH8KJjy1XcXXcpdXXa.js:10)
  (anonymous function) (https://acc.alicdn.com/tfscom/TB1DKQvX2DH8KJjy1XcXXcpdXXa.js:13)
  s (https://acc.alicdn.com/tfscom/TB1DKQvX2DH8KJjy1XcXXcpdXXa.js:15)
  (anonymous function) (https://acc.alicdn.com/tfscom/TB1DKQvX2DH8KJjy1XcXXcpdXXa.js:15)
  (anonymous function) (https://acc.alicdn.com/tfscom/TB19mfKX2DH8KJjy1XcXXcpdXXa.js:1)
  (anonymous function) (https://acc.alicdn.com/tfscom/TB19mfKX2DH8KJjy1XcXXcpdXXa.js:1)
  i (https://acc.alicdn.com/tfscom/TB1DKQvX2DH8KJjy1XcXXcpdXXa.js:15)
  (anonymous function) (https://acc.alicdn.com/tfscom/TB1DKQvX2DH8KJjy1XcXXcpdXXa.js:15)
  (anonymous function) (https://acc.alicdn.com/tfscom/TB19mfKX2DH8KJjy1XcXXcpdXXa.js:1)
  (anonymous function) (https://acc.alicdn.com/tfscom/TB19mfKX2DH8KJjy1XcXXcpdXXa.js:1)
  (anonymous function) (https://acc.alicdn.com/tfscom/TB1DKQvX2DH8KJjy1XcXXcpdXXa.js:15)
[ERROR - 2018-04-22T09:08:33.208Z] Session [f49123d0-460a-11e8-88b8-bbd03c28f797] - page.onError - msg: TypeError: 'undefined' is not an object (evaluating 'MBOX[a].data')
[ERROR - 2018-04-22T09:08:33.208Z] Session [f49123d0-460a-11e8-88b8-bbd03c28f797] - page.onError - stack:
  (anonymous function) (https://acc.alicdn.com/tfscom/TB1DKQvX2DH8KJjy1XcXXcpdXXa.js:5)
  (anonymous function) (https://acc.alicdn.com/tfscom/TB1DKQvX2DH8KJjy1XcXXcpdXXa.js:10)
  (anonymous function) (https://acc.alicdn.com/tfscom/TB19mfKX2DH8KJjy1XcXXcpdXXa.js:1)
  (anonymous function) (https://acc.alicdn.com/tfscom/TB19mfKX2DH8KJjy1XcXXcpdXXa.js:1)
  (anonymous function) (https://acc.alicdn.com/tfscom/TB1DKQvX2DH8KJjy1XcXXcpdXXa.js:10)
  (anonymous function) (https://acc.alicdn.com/tfscom/TB1DKQvX2DH8KJjy1XcXXcpdXXa.js:13)
  s (https://acc.alicdn.com/tfscom/TB1DKQvX2DH8KJjy1XcXXcpdXXa.js:15)
  (anonymous function) (https://acc.alicdn.com/tfscom/TB1DKQvX2DH8KJjy1XcXXcpdXXa.js:15)
  (anonymous function) (https://acc.alicdn.com/tfscom/TB19mfKX2DH8KJjy1XcXXcpdXXa.js:1)
  (anonymous function) (https://acc.alicdn.com/tfscom/TB19mfKX2DH8KJjy1XcXXcpdXXa.js:1)
  i (https://acc.alicdn.com/tfscom/TB1DKQvX2DH8KJjy1XcXXcpdXXa.js:15)
  (anonymous function) (https://acc.alicdn.com/tfscom/TB1DKQvX2DH8KJjy1XcXXcpdXXa.js:15)
  (anonymous function) (https://acc.alicdn.com/tfscom/TB19mfKX2DH8KJjy1XcXXcpdXXa.js:1)
  (anonymous function) (https://acc.alicdn.com/tfscom/TB19mfKX2DH8KJjy1XcXXcpdXXa.js:1)
  (anonymous function) (https://acc.alicdn.com/tfscom/TB1DKQvX2DH8KJjy1XcXXcpdXXa.js:15)
[ERROR - 2018-04-22T09:08:47.889Z] Session [f49123d0-460a-11e8-88b8-bbd03c28f797] - page.onError - msg: TypeError: 'undefined' is not an object (evaluating 'MBOX[a].data')
[ERROR - 2018-04-22T09:08:47.890Z] Session [f49123d0-460a-11e8-88b8-bbd03c28f797] - page.onError - stack:
  (anonymous function) (https://acc.alicdn.com/tfscom/TB1DKQvX2DH8KJjy1XcXXcpdXXa.js:5)
  (anonymous function) (https://acc.alicdn.com/tfscom/TB1DKQvX2DH8KJjy1XcXXcpdXXa.js:10)
  (anonymous function) (https://acc.alicdn.com/tfscom/TB19mfKX2DH8KJjy1XcXXcpdXXa.js:1)
  (anonymous function) (https://acc.alicdn.com/tfscom/TB19mfKX2DH8KJjy1XcXXcpdXXa.js:1)
  (anonymous function) (https://acc.alicdn.com/tfscom/TB1DKQvX2DH8KJjy1XcXXcpdXXa.js:10)
  (anonymous function) (https://acc.alicdn.com/tfscom/TB1DKQvX2DH8KJjy1XcXXcpdXXa.js:13)
  s (https://acc.alicdn.com/tfscom/TB1DKQvX2DH8KJjy1XcXXcpdXXa.js:15)
  (anonymous function) (https://acc.alicdn.com/tfscom/TB1DKQvX2DH8KJjy1XcXXcpdXXa.js:15)
  (anonymous function) (https://acc.alicdn.com/tfscom/TB19mfKX2DH8KJjy1XcXXcpdXXa.js:1)
  (anonymous function) (https://acc.alicdn.com/tfscom/TB19mfKX2DH8KJjy1XcXXcpdXXa.js:1)
  i (https://acc.alicdn.com/tfscom/TB1DKQvX2DH8KJjy1XcXXcpdXXa.js:15)
  (anonymous function) (https://acc.alicdn.com/tfscom/TB1DKQvX2DH8KJjy1XcXXcpdXXa.js:15)
  (anonymous function) (https://acc.alicdn.com/tfscom/TB19mfKX2DH8KJjy1XcXXcpdXXa.js:1)
  (anonymous function) (https://acc.alicdn.com/tfscom/TB19mfKX2DH8KJjy1XcXXcpdXXa.js:1)
  (anonymous function) (https://acc.alicdn.com/tfscom/TB1DKQvX2DH8KJjy1XcXXcpdXXa.js:15)
